[2026-07-01 10:38:31] [queue_manager] [INFO] [MainProcess-23732] Using Redis queue manager (connection verified)
[2026-07-01 10:38:50] [queue_manager] [INFO] [MainProcess-25580] Using Redis queue manager (connection verified)
[2026-07-01 10:38:54] [queue_manager] [INFO] [extraction-fast-1-39132] Using Redis queue manager (connection verified)
[2026-07-01 10:38:54] [queue_manager] [INFO] [discovery-2-23084] Using Redis queue manager (connection verified)
[2026-07-01 10:38:54] [queue_manager] [INFO] [extraction-std-3-28684] Using Redis queue manager (connection verified)
[2026-07-01 10:38:54] [queue_manager] [INFO] [discovery-1-22208] Using Redis queue manager (connection verified)
[2026-07-01 10:38:54] [queue_manager] [INFO] [extraction-fast-2-38788] Using Redis queue manager (connection verified)
[2026-07-01 10:38:54] [queue_manager] [INFO] [extraction-std-4-37224] Using Redis queue manager (connection verified)
[2026-07-01 10:38:54] [queue_manager] [INFO] [ocr-4-26100] Using Redis queue manager (connection verified)
[2026-07-01 10:38:54] [queue_manager] [INFO] [ocr-1-23180] Using Redis queue manager (connection verified)
[2026-07-01 10:38:54] [queue_manager] [INFO] [indexing-2-25736] Using Redis queue manager (connection verified)
[2026-07-01 10:38:54] [queue_manager] [INFO] [extraction-heavy-5-25144] Using Redis queue manager (connection verified)
[2026-07-01 10:38:55] [queue_manager] [INFO] [indexing-1-36652] Using Redis queue manager (connection verified)
[2026-07-01 10:38:55] [queue_manager] [INFO] [ocr-3-16988] Using Redis queue manager (connection verified)
[2026-07-01 10:38:55] [queue_manager] [INFO] [ocr-2-25840] Using Redis queue manager (connection verified)
[2026-07-01 10:38:55] [queue_manager] [INFO] [extraction-extreme-6-28876] Using Redis queue manager (connection verified)
[2026-07-01 10:38:55] [queue_manager] [INFO] [ocr-8-5036] Using Redis queue manager (connection verified)
[2026-07-01 10:38:55] [queue_manager] [INFO] [ocr-5-32448] Using Redis queue manager (connection verified)
[2026-07-01 10:38:55] [queue_manager] [INFO] [ocr-6-25852] Using Redis queue manager (connection verified)
[2026-07-01 10:38:55] [queue_manager] [INFO] [ocr-7-22820] Using Redis queue manager (connection verified)
[2026-07-01 10:38:55] [queue_manager] [INFO] [tagging-1-23884] Using Redis queue manager (connection verified)
[2026-07-01 10:38:55] [queue_manager] [INFO] [tagging-2-29236] Using Redis queue manager (connection verified)
[2026-07-01 11:50:20] [queue_manager] [INFO] [MainProcess-22544] Using Redis queue manager (connection verified)
[2026-07-01 11:50:20] [queue_manager] [INFO] [MainProcess-44720] Using Redis queue manager (connection verified)
[2026-07-01 11:50:24] [queue_manager] [INFO] [extraction-fast-1-21000] Using Redis queue manager (connection verified)
[2026-07-01 11:50:24] [queue_manager] [INFO] [discovery-2-36876] Using Redis queue manager (connection verified)
[2026-07-01 11:50:24] [queue_manager] [INFO] [discovery-1-40700] Using Redis queue manager (connection verified)
[2026-07-01 11:50:24] [queue_manager] [INFO] [extraction-fast-2-38812] Using Redis queue manager (connection verified)
[2026-07-01 11:50:24] [queue_manager] [INFO] [extraction-std-3-40944] Using Redis queue manager (connection verified)
[2026-07-01 11:50:24] [queue_manager] [INFO] [extraction-std-4-40348] Using Redis queue manager (connection verified)
[2026-07-01 11:50:24] [queue_manager] [INFO] [extraction-extreme-6-40292] Using Redis queue manager (connection verified)
[2026-07-01 11:50:24] [queue_manager] [INFO] [extraction-heavy-5-40340] Using Redis queue manager (connection verified)
[2026-07-01 11:50:24] [queue_manager] [INFO] [ocr-7-9016] Using Redis queue manager (connection verified)
[2026-07-01 11:50:24] [queue_manager] [INFO] [ocr-8-39980] Using Redis queue manager (connection verified)
[2026-07-01 11:50:24] [queue_manager] [INFO] [indexing-2-40720] Using Redis queue manager (connection verified)
[2026-07-01 11:50:24] [queue_manager] [INFO] [ocr-4-40940] Using Redis queue manager (connection verified)
[2026-07-01 11:50:24] [queue_manager] [INFO] [ocr-1-40732] Using Redis queue manager (connection verified)
[2026-07-01 11:50:24] [queue_manager] [INFO] [tagging-2-22560] Using Redis queue manager (connection verified)
[2026-07-01 11:50:24] [queue_manager] [INFO] [ocr-2-40748] Using Redis queue manager (connection verified)
[2026-07-01 11:50:24] [queue_manager] [INFO] [tagging-1-23436] Using Redis queue manager (connection verified)
[2026-07-01 11:50:24] [queue_manager] [INFO] [indexing-1-23096] Using Redis queue manager (connection verified)
[2026-07-01 11:50:24] [queue_manager] [INFO] [ocr-3-40768] Using Redis queue manager (connection verified)
[2026-07-01 11:50:24] [queue_manager] [INFO] [ocr-5-34864] Using Redis queue manager (connection verified)
[2026-07-02 07:04:21] [queue_manager] [INFO] [MainProcess-39620] Using Redis queue manager (connection verified)
[2026-07-02 07:04:23] [queue_manager] [INFO] [MainProcess-43736] Using Redis queue manager (connection verified)
[2026-07-02 07:04:26] [queue_manager] [INFO] [discovery-1-41532] Using Redis queue manager (connection verified)
[2026-07-02 07:04:26] [queue_manager] [INFO] [discovery-2-22208] Using Redis queue manager (connection verified)
[2026-07-02 07:04:26] [queue_manager] [INFO] [extraction-fast-1-24392] Using Redis queue manager (connection verified)
[2026-07-02 07:04:27] [queue_manager] [INFO] [extraction-std-3-49620] Using Redis queue manager (connection verified)
[2026-07-02 07:04:27] [queue_manager] [INFO] [extraction-fast-2-59768] Using Redis queue manager (connection verified)
[2026-07-02 07:04:27] [queue_manager] [INFO] [ocr-4-49372] Using Redis queue manager (connection verified)
[2026-07-02 07:04:27] [queue_manager] [INFO] [indexing-2-40360] Using Redis queue manager (connection verified)
[2026-07-02 07:04:27] [queue_manager] [INFO] [ocr-2-43096] Using Redis queue manager (connection verified)
[2026-07-02 07:04:27] [queue_manager] [INFO] [ocr-5-48196] Using Redis queue manager (connection verified)
[2026-07-02 07:04:27] [queue_manager] [INFO] [extraction-extreme-6-42340] Using Redis queue manager (connection verified)
[2026-07-02 07:04:27] [queue_manager] [INFO] [ocr-8-48672] Using Redis queue manager (connection verified)
[2026-07-02 07:04:27] [queue_manager] [INFO] [ocr-3-49216] Using Redis queue manager (connection verified)
[2026-07-02 07:04:27] [queue_manager] [INFO] [extraction-heavy-5-44792] Using Redis queue manager (connection verified)
[2026-07-02 07:04:27] [queue_manager] [INFO] [ocr-1-23832] Using Redis queue manager (connection verified)
[2026-07-02 07:04:27] [queue_manager] [INFO] [indexing-1-41068] Using Redis queue manager (connection verified)
[2026-07-02 07:04:27] [queue_manager] [INFO] [tagging-2-42196] Using Redis queue manager (connection verified)
[2026-07-02 07:04:27] [queue_manager] [INFO] [ocr-6-26500] Using Redis queue manager (connection verified)
[2026-07-02 07:04:27] [queue_manager] [INFO] [tagging-1-45596] Using Redis queue manager (connection verified)
[2026-07-02 07:04:27] [queue_manager] [INFO] [ocr-7-50724] Using Redis queue manager (connection verified)
[2026-07-02 07:04:27] [queue_manager] [INFO] [extraction-std-4-61028] Using Redis queue manager (connection verified)
[2026-07-02 08:08:47] [queue_manager] [INFO] [MainProcess-25700] Using Redis queue manager (connection verified)
[2026-07-02 08:08:50] [queue_manager] [INFO] [extraction-fast-1-39952] Using Redis queue manager (connection verified)
[2026-07-02 08:08:50] [queue_manager] [INFO] [discovery-2-49436] Using Redis queue manager (connection verified)
[2026-07-02 08:08:50] [queue_manager] [INFO] [extraction-std-3-46932] Using Redis queue manager (connection verified)
[2026-07-02 08:08:50] [queue_manager] [INFO] [discovery-1-60392] Using Redis queue manager (connection verified)
[2026-07-02 08:08:50] [queue_manager] [INFO] [extraction-fast-2-59500] Using Redis queue manager (connection verified)
[2026-07-02 08:08:50] [queue_manager] [INFO] [extraction-std-4-45292] Using Redis queue manager (connection verified)
[2026-07-02 08:08:51] [queue_manager] [INFO] [extraction-extreme-6-61604] Using Redis queue manager (connection verified)
[2026-07-02 08:08:51] [queue_manager] [INFO] [extraction-heavy-5-41996] Using Redis queue manager (connection verified)
[2026-07-02 08:08:51] [queue_manager] [INFO] [indexing-2-39260] Using Redis queue manager (connection verified)
[2026-07-02 08:08:51] [queue_manager] [INFO] [indexing-1-35480] Using Redis queue manager (connection verified)
[2026-07-02 08:08:51] [queue_manager] [INFO] [ocr-2-43732] Using Redis queue manager (connection verified)
[2026-07-02 08:08:51] [queue_manager] [INFO] [ocr-1-39192] Using Redis queue manager (connection verified)
[2026-07-02 08:08:51] [queue_manager] [INFO] [tagging-1-45772] Using Redis queue manager (connection verified)
[2026-07-02 08:08:51] [queue_manager] [INFO] [ocr-8-39696] Using Redis queue manager (connection verified)
[2026-07-02 08:08:51] [queue_manager] [INFO] [ocr-3-42824] Using Redis queue manager (connection verified)
[2026-07-02 08:08:51] [queue_manager] [INFO] [ocr-4-26100] Using Redis queue manager (connection verified)
[2026-07-02 08:08:51] [queue_manager] [INFO] [tagging-2-40240] Using Redis queue manager (connection verified)
[2026-07-02 08:08:51] [queue_manager] [INFO] [ocr-5-43716] Using Redis queue manager (connection verified)
[2026-07-02 08:08:51] [queue_manager] [INFO] [ocr-7-62228] Using Redis queue manager (connection verified)
[2026-07-02 08:08:51] [queue_manager] [INFO] [ocr-6-48292] Using Redis queue manager (connection verified)
[2026-07-02 08:09:03] [queue_manager] [INFO] [MainProcess-59884] Using Redis queue manager (connection verified)
